2025-02-02 16:47:26,883 - INFO - Создание корпуса...
2025-02-02 16:48:46,909 - INFO - Создание корпуса...
2025-02-02 16:48:47,272 - INFO - Предобработка текста...
2025-02-02 16:48:49,192 - INFO - Создание словаря...
2025-02-02 16:48:51,046 - INFO - Обучение GloVe...
2025-02-02 16:50:39,469 - INFO - Создание корпуса...
2025-02-02 16:50:39,906 - INFO - Предобработка текста...
2025-02-02 16:50:41,761 - INFO - Создание словаря...
2025-02-02 16:50:43,642 - INFO - Обучение GloVe...
2025-02-02 16:51:39,405 - INFO - Создание корпуса...
2025-02-02 16:51:39,940 - INFO - Предобработка текста...
2025-02-02 16:51:42,766 - INFO - Создание словаря...
2025-02-02 16:51:45,246 - INFO - Обучение GloVe...
2025-02-02 16:56:00,755 - INFO - Создание корпуса...
2025-02-02 16:56:01,117 - INFO - Предобработка текста...
2025-02-02 16:56:02,528 - INFO - Создание словаря...
2025-02-02 16:56:03,957 - INFO - Обучение GloVe...
2025-02-02 16:57:24,036 - INFO - Создание корпуса...
2025-02-02 16:57:24,405 - INFO - Предобработка текста...
2025-02-02 16:57:25,869 - INFO - Создание словаря...
2025-02-02 16:57:27,264 - INFO - Обучение GloVe...
2025-02-02 16:57:56,218 - INFO - Создание корпуса...
2025-02-02 16:57:56,472 - INFO - Предобработка текста...
2025-02-02 16:57:58,083 - INFO - Создание словаря...
2025-02-02 16:57:59,465 - INFO - Обучение GloVe...
2025-02-02 17:07:17,236 - INFO - Создание корпуса...
2025-02-02 17:07:17,456 - INFO - Предобработка текста...
2025-02-02 17:07:19,073 - INFO - Создание словаря...
2025-02-02 17:07:20,396 - INFO - Обучение GloVe...
2025-02-02 17:33:25,017 - INFO - Создание корпуса...
2025-02-02 17:33:25,363 - INFO - Предобработка текста...
2025-02-02 17:33:26,780 - INFO - Создание словаря...
2025-02-02 17:33:28,218 - INFO - Обучение GloVe...
2025-02-02 17:34:05,181 - INFO - Создание корпуса...
2025-02-02 17:34:05,563 - INFO - Предобработка текста...
2025-02-02 17:34:07,221 - INFO - Создание словаря...
2025-02-02 17:34:08,654 - INFO - Обучение GloVe...
2025-02-02 17:34:20,861 - INFO - Создание корпуса...
2025-02-02 17:34:21,225 - INFO - Предобработка текста...
2025-02-02 17:34:22,558 - INFO - Создание словаря...
2025-02-02 17:34:24,078 - INFO - Обучение GloVe...
2025-02-02 17:35:10,476 - INFO - Создание корпуса...
2025-02-02 17:35:10,835 - INFO - Предобработка текста...
2025-02-02 17:35:12,307 - INFO - Создание словаря...
2025-02-02 17:35:13,867 - INFO - Обучение GloVe...
2025-02-02 17:35:19,391 - INFO - Создание корпуса...
2025-02-02 17:35:19,661 - INFO - Предобработка текста...
2025-02-02 17:35:21,119 - INFO - Создание словаря...
2025-02-02 17:35:22,709 - INFO - Обучение GloVe...
2025-02-02 17:35:48,188 - INFO - Создание корпуса...
2025-02-02 17:35:48,717 - INFO - Предобработка текста...
2025-02-02 17:35:50,185 - INFO - Создание словаря...
2025-02-02 17:35:51,825 - INFO - Обучение GloVe...
2025-02-02 17:37:20,496 - INFO - Создание корпуса...
2025-02-02 17:37:21,096 - INFO - Предобработка текста...
2025-02-02 17:37:23,185 - INFO - Создание словаря...
2025-02-02 17:37:24,602 - INFO - Обучение GloVe...
2025-02-02 17:38:59,897 - INFO - Создание корпуса...
2025-02-02 17:39:00,159 - INFO - Предобработка текста...
2025-02-02 17:39:01,726 - INFO - Создание словаря...
2025-02-02 17:39:03,193 - INFO - Обучение GloVe...
2025-02-02 17:39:38,310 - INFO - Создание корпуса...
2025-02-02 17:39:38,565 - INFO - Предобработка текста...
2025-02-02 17:39:40,024 - INFO - Создание словаря...
2025-02-02 17:39:41,623 - INFO - Обучение GloVe...
2025-02-02 17:40:26,227 - INFO - Создание корпуса...
2025-02-02 17:40:26,458 - INFO - Предобработка текста...
2025-02-02 17:40:28,071 - INFO - Создание словаря...
2025-02-02 17:40:29,691 - INFO - Обучение GloVe...
2025-02-02 17:40:49,717 - INFO - Создание корпуса...
2025-02-02 17:40:50,035 - INFO - Предобработка текста...
2025-02-02 17:40:51,824 - INFO - Создание словаря...
2025-02-02 17:40:53,313 - INFO - Обучение GloVe...
2025-02-02 17:42:24,846 - INFO - Создание корпуса...
2025-02-02 17:42:25,116 - INFO - Предобработка текста...
2025-02-02 17:42:26,638 - INFO - Создание словаря...
2025-02-02 17:42:28,116 - INFO - Обучение GloVe...
2025-02-02 17:43:05,573 - INFO - Создание корпуса...
2025-02-02 17:43:06,251 - INFO - Предобработка текста...
2025-02-02 17:43:08,764 - INFO - Создание словаря...
2025-02-02 17:43:11,259 - INFO - Обучение GloVe...
2025-02-02 17:43:47,444 - INFO - Создание корпуса...
2025-02-02 17:43:47,685 - INFO - Предобработка текста...
2025-02-02 17:43:49,103 - INFO - Создание словаря...
2025-02-02 17:43:50,746 - INFO - Обучение GloVe...
2025-02-02 17:46:40,795 - INFO - Создание корпуса...
2025-02-02 17:46:41,101 - INFO - Предобработка текста...
2025-02-02 17:46:42,695 - INFO - Создание словаря...
2025-02-02 17:46:44,224 - INFO - Обучение GloVe...
2025-02-02 17:47:38,142 - INFO - Создание корпуса...
2025-02-02 17:47:38,529 - INFO - Предобработка текста...
2025-02-02 17:47:39,857 - INFO - Создание словаря...
2025-02-02 17:47:41,979 - INFO - Обучение GloVe...
2025-02-02 17:47:48,587 - INFO - Создание корпуса...
2025-02-02 17:47:48,943 - INFO - Предобработка текста...
2025-02-02 17:47:50,463 - INFO - Создание словаря...
2025-02-02 17:47:52,356 - INFO - Обучение GloVe...
2025-02-02 17:48:24,305 - INFO - Создание корпуса...
2025-02-02 17:48:24,828 - INFO - Предобработка текста...
2025-02-02 17:48:27,590 - INFO - Создание словаря...
2025-02-02 17:48:29,235 - INFO - Обучение GloVe...
2025-02-02 17:48:38,680 - INFO - Создание корпуса...
2025-02-02 17:48:39,053 - INFO - Предобработка текста...
2025-02-02 17:48:40,850 - INFO - Создание словаря...
2025-02-02 17:48:42,437 - INFO - Обучение GloVe...
2025-02-02 17:49:12,973 - INFO - Создание корпуса...
2025-02-02 17:49:13,282 - INFO - Предобработка текста...
2025-02-02 17:49:14,862 - INFO - Создание словаря...
2025-02-02 17:49:16,191 - INFO - Обучение GloVe...
2025-02-02 17:51:21,309 - INFO - Создание корпуса...
2025-02-02 17:51:21,725 - INFO - Предобработка текста...
2025-02-02 17:51:23,168 - INFO - Создание словаря...
2025-02-02 17:51:24,661 - INFO - Обучение GloVe...
2025-02-02 17:51:33,091 - INFO - Проект завершен.
2025-02-02 17:55:22,835 - INFO - Создание корпуса...
2025-02-02 17:55:23,314 - INFO - Предобработка текста...
2025-02-02 17:55:24,521 - INFO - Создание словаря...
2025-02-02 17:55:26,018 - INFO - Обучение GloVe...
2025-02-02 17:55:26,028 - INFO - Проект завершен.
2025-02-02 17:58:30,092 - INFO - Создание корпуса...
2025-02-02 17:58:30,422 - INFO - Предобработка текста...
2025-02-02 17:58:32,113 - INFO - Создание словаря...
2025-02-02 17:58:33,439 - INFO - Обучение GloVe...
2025-02-02 17:58:33,450 - INFO - Проект завершен.
2025-02-02 17:59:17,557 - INFO - Создание корпуса...
2025-02-02 17:59:17,938 - INFO - Предобработка текста...
2025-02-02 17:59:19,239 - INFO - Создание словаря...
2025-02-02 17:59:20,906 - INFO - Обучение GloVe...
2025-02-02 17:59:28,949 - INFO - Проект завершен.
2025-02-02 18:41:34,365 - INFO - Создание корпуса...
2025-02-02 18:41:35,840 - INFO - Предобработка текста...
2025-02-02 18:41:39,017 - INFO - Создание словаря с использованием razdel...
2025-02-02 18:41:59,125 - INFO - Обучение GloVe...
2025-02-02 18:42:01,667 - INFO - Проект завершен.
2025-02-02 18:45:11,073 - INFO - Создание корпуса...
2025-02-02 18:45:11,444 - INFO - Предобработка текста...
2025-02-02 18:45:13,363 - INFO - Создание словаря с использованием razdel...
2025-02-02 18:45:41,956 - INFO - Обучение GloVe...
2025-02-02 18:45:44,463 - INFO - Проект завершен.
2025-02-02 18:46:58,295 - INFO - Создание корпуса...
2025-02-02 18:46:58,597 - INFO - Предобработка текста...
2025-02-02 18:46:59,497 - INFO - Создание словаря с использованием razdel...
2025-02-02 18:47:35,177 - INFO - Обучение GloVe...
2025-02-02 18:47:37,445 - INFO - Проект завершен.
2025-02-02 18:50:55,088 - INFO - Создание корпуса...
2025-02-02 18:50:55,394 - INFO - Предобработка текста...
2025-02-02 18:50:56,086 - INFO - Создание словаря с использованием razdel...
2025-02-02 18:51:33,058 - INFO - Обучение GloVe...
2025-02-02 18:51:41,765 - INFO - Проект завершен.
2025-02-02 20:09:29,633 - INFO - Создание корпуса...
2025-02-02 20:09:30,701 - INFO - Предобработка текста...
2025-02-02 20:09:35,353 - INFO - Создание словаря с использованием razdel...
2025-02-02 20:10:23,683 - INFO - Обучение GloVe...
2025-02-02 20:10:46,730 - INFO - Проект завершен.
2025-02-02 22:40:59,160 - INFO - Создание корпуса...
2025-02-02 22:40:59,840 - INFO - Предобработка текста...
2025-02-02 22:41:00,914 - INFO - Создание словаря с использованием razdel...
2025-02-02 22:41:19,976 - INFO - Обучение GloVe...
2025-02-02 22:41:24,359 - INFO - Проект завершен.
2025-02-02 22:50:56,635 - INFO - Создание корпуса...
2025-02-02 22:50:56,894 - INFO - Предобработка текста...
2025-02-02 22:50:57,900 - INFO - Создание словаря с использованием razdel...
2025-02-02 22:51:16,405 - INFO - Сортировка словаря...
2025-02-02 22:54:58,605 - INFO - Создание корпуса...
2025-02-02 22:54:58,846 - INFO - Предобработка текста...
2025-02-02 22:54:59,871 - INFO - Создание словаря с использованием razdel...
2025-02-02 22:55:18,710 - INFO - Сортировка словаря...
2025-02-02 22:55:19,047 - INFO - Обучение GloVe...
2025-02-02 22:55:23,254 - INFO - Проект завершен.
